<?xml version="1.0" encoding="utf-8"?><testsuites name="pytest tests"><testsuite name="pytest" errors="0" failures="1" skipped="0" tests="10" time="2.469" timestamp="2026-06-07T01:51:28.537392+00:00" hostname="agent-env-958050fe-1c2f-45b2-8b89-23df0f11cbc2"><testcase classname="backend.tests.test_iteration3" name="test_profile_default_includes_avatar_base64_null" time="0.293" /><testcase classname="backend.tests.test_iteration3" name="test_profile_set_avatar_base64" time="0.110" /><testcase classname="backend.tests.test_iteration3" name="test_profile_clear_avatar_to_null" time="0.145"><failure message="AssertionError: Backend did not clear avatar when null sent. Got: 'data:image/jpeg;base64,/9j/4AAQSkZJRgABAQAAAQABAAD/2wBDAAEBAQEBAQE='. This indicates ProfileUpdate strips None and PUT cannot unset avatar.&#10;assert 'data:image/jpeg;base64,/9j/4AAQSkZJRgABAQAAAQABAAD/2wBDAAEBAQEBAQE=' is None">backend/tests/test_iteration3.py:64: in test_profile_clear_avatar_to_null
    assert g["avatar_base64"] is None, (
E   AssertionError: Backend did not clear avatar when null sent. Got: 'data:image/jpeg;base64,/9j/4AAQSkZJRgABAQAAAQABAAD/2wBDAAEBAQEBAQE='. This indicates ProfileUpdate strips None and PUT cannot unset avatar.
E   assert 'data:image/jpeg;base64,/9j/4AAQSkZJRgABAQAAAQABAAD/2wBDAAEBAQEBAQE=' is None</failure></testcase><testcase classname="backend.tests.test_iteration3" name="test_profile_partial_update_preserves_avatar" time="0.101" /><testcase classname="backend.tests.test_iteration3" name="test_clear_data_resets_avatar" time="0.151" /><testcase classname="backend.tests.test_iteration3" name="test_goals_crud_with_filters" time="0.482" /><testcase classname="backend.tests.test_iteration3" name="test_stats_endpoint" time="0.054" /><testcase classname="backend.tests.test_iteration3" name="test_achievements_list_and_check" time="0.105" /><testcase classname="backend.tests.test_iteration3" name="test_monthly_report" time="0.050" /><testcase classname="backend.tests.test_iteration3" name="test_free_limit_still_402" time="0.510" /></testsuite></testsuites>