<?xml version="1.0" encoding="utf-8"?><testsuites name="pytest tests"><testsuite name="pytest" errors="0" failures="0" skipped="0" tests="19" time="3.619" timestamp="2026-06-06T19:38:21.904309+00:00" hostname="agent-env-958050fe-1c2f-45b2-8b89-23df0f11cbc2"><testcase classname="backend.tests.test_iteration2" name="test_profile_defaults_premium_and_notifications" time="0.333" /><testcase classname="backend.tests.test_iteration2" name="test_profile_update_premium_and_notifications" time="0.136" /><testcase classname="backend.tests.test_iteration2" name="test_achievements_list_default" time="0.048" /><testcase classname="backend.tests.test_iteration2" name="test_achievements_first_goal_unlocked_on_creation" time="0.187" /><testcase classname="backend.tests.test_iteration2" name="test_achievements_completed_1_unlocked_on_completion" time="0.290" /><testcase classname="backend.tests.test_iteration2" name="test_monthly_report_structure" time="0.045" /><testcase classname="backend.tests.test_iteration2" name="test_free_tier_limit_402_and_premium_bypass" time="0.580" /><testcase classname="backend.tests.test_iteration2" name="test_clear_data_clears_achievements" time="0.533" /><testcase classname="backend.tests.test_rocket_forward" name="test_root" time="0.191" /><testcase classname="backend.tests.test_rocket_forward" name="test_profile_default" time="0.065" /><testcase classname="backend.tests.test_rocket_forward" name="test_profile_update" time="0.110" /><testcase classname="backend.tests.test_rocket_forward" name="test_create_goal" time="0.056" /><testcase classname="backend.tests.test_rocket_forward" name="test_list_goals" time="0.064" /><testcase classname="backend.tests.test_rocket_forward" name="test_filter_goals" time="0.289" /><testcase classname="backend.tests.test_rocket_forward" name="test_update_goal_completed" time="0.056" /><testcase classname="backend.tests.test_rocket_forward" name="test_update_goal_revert" time="0.054" /><testcase classname="backend.tests.test_rocket_forward" name="test_stats" time="0.115" /><testcase classname="backend.tests.test_rocket_forward" name="test_delete_goal" time="0.110" /><testcase classname="backend.tests.test_rocket_forward" name="test_clear_data" time="0.210" /></testsuite></testsuites>